pillsburry/build/outputs/logs/manifest-merger-release-report.txt
-- Merging decision tree log ---
manifest
ADDED from src\main\AndroidManifest.xml:2:1-301:12
	package
		ADDED from src\main\AndroidManifest.xml:3:5-32
		INJECTED from src\main\AndroidManifest.xml
		INJECTED from src\main\AndroidManifest.xml
	android:versionName
		ADDED from src\main\AndroidManifest.xml:5:5-30
		INJECTED from src\main\AndroidManifest.xml
		INJECTED from src\main\AndroidManifest.xml
	android:versionCode
		ADDED from src\main\AndroidManifest.xml:4:5-29
		INJECTED from src\main\AndroidManifest.xml
		INJECTED from src\main\AndroidManifest.xml
	xmlns:android
		ADDED from src\main\AndroidManifest.xml:2:11-69
uses-sdk
ADDED from src\main\AndroidManifest.xml:7:5-9:40
MERGED from [com.android.support:multidex:1.0.1] AndroidManifest.xml:18:5-42
MERGED from [com.google.android.gms:play-services-location:9.0.2] AndroidManifest.xml:18:5-42
MERGED from [com.google.android.gms:play-services-maps:9.0.2] AndroidManifest.xml:26:5-42
MERGED from [com.google.android.gms:play-services-base:9.0.2] AndroidManifest.xml:18:5-42
MERGED from [com.google.firebase:firebase-common:9.0.2] AndroidManifest.xml:4:5-43
MERGED from [com.google.android.gms:play-services-tasks:9.0.2] AndroidManifest.xml:4:5-43
MERGED from [com.google.android.gms:play-services-basement:9.0.2] AndroidManifest.xml:18:5-42
MERGED from [com.android.support:support-v4:23.0.0] AndroidManifest.xml:20:5-43
MERGED from [com.android.support:cardview-v7:26.0.0-alpha1] AndroidManifest.xml:20:5-44
	android:targetSdkVersion
		ADDED from src\main\AndroidManifest.xml:9:9-38
		INJECTED from src\main\AndroidManifest.xml
		INJECTED from src\main\AndroidManifest.xml
	android:minSdkVersion
		ADDED from src\main\AndroidManifest.xml:8:9-35
		INJECTED from src\main\AndroidManifest.xml
		INJECTED from src\main\AndroidManifest.xml
uses-permission#android.permission.ACCESS_NETWORK_STATE
ADDED from src\main\AndroidManifest.xml:11:5-79
MERGED from [com.google.android.gms:play-services-maps:9.0.2] AndroidManifest.xml:20:5-78
	android:name
		ADDED from src\main\AndroidManifest.xml:11:22-76
uses-permission#android.permission.ACCESS_COARSE_LOCATION
ADDED from src\main\AndroidManifest.xml:12:5-81
	android:name
		ADDED from src\main\AndroidManifest.xml:12:22-78
uses-permission#android.permission.ACCESS_FINE_LOCATION
ADDED from src\main\AndroidManifest.xml:13:5-79
	android:name
		ADDED from src\main\AndroidManifest.xml:13:22-76
uses-permission#android.permission.INTERNET
ADDED from src\main\AndroidManifest.xml:14:5-67
MERGED from [com.google.android.gms:play-services-maps:9.0.2] AndroidManifest.xml:21:5-66
	android:name
		ADDED from src\main\AndroidManifest.xml:14:22-64
uses-permission#android.permission.WRITE_EXTERNAL_STORAGE
ADDED from src\main\AndroidManifest.xml:15:5-81
	android:name
		ADDED from src\main\AndroidManifest.xml:15:22-78
uses-permission#android.permission.WRITE_SYNC_SETTINGS
ADDED from src\main\AndroidManifest.xml:16:5-78
	android:name
		ADDED from src\main\AndroidManifest.xml:16:22-75
uses-permission#android.permission.WAKE_LOCK
ADDED from src\main\AndroidManifest.xml:17:5-68
	android:name
		ADDED from src\main\AndroidManifest.xml:17:22-65
uses-permission#android.permission.READ_PHONE_STATE
ADDED from src\main\AndroidManifest.xml:18:5-20:23
	android:name
		ADDED from src\main\AndroidManifest.xml:18:22-72
uses-permission#android.permission.CLEAR_APP_CACHE
ADDED from src\main\AndroidManifest.xml:21:5-73
	android:name
		ADDED from src\main\AndroidManifest.xml:21:22-71
application
ADDED from src\main\AndroidManifest.xml:22:5-299:19
MERGED from [com.google.android.gms:play-services-location:9.0.2] AndroidManifest.xml:19:5-20
MERGED from [com.google.android.gms:play-services-maps:9.0.2] AndroidManifest.xml:27:5-20
MERGED from [com.google.android.gms:play-services-base:9.0.2] AndroidManifest.xml:19:5-23:19
MERGED from [com.google.firebase:firebase-common:9.0.2] AndroidManifest.xml:5:5-12:19
MERGED from [com.google.android.gms:play-services-tasks:9.0.2] AndroidManifest.xml:5:5-20
MERGED from [com.google.android.gms:play-services-basement:9.0.2] AndroidManifest.xml:20:5-24:19
MERGED from [com.android.support:support-v4:23.0.0] AndroidManifest.xml:22:5-20
MERGED from [com.android.support:cardview-v7:26.0.0-alpha1] AndroidManifest.xml:26:5-20
	android:label
		ADDED from src\main\AndroidManifest.xml:26:9-41
	android:allowBackup
		ADDED from src\main\AndroidManifest.xml:24:9-35
	android:icon
		ADDED from src\main\AndroidManifest.xml:25:9-38
	android:theme
		ADDED from src\main\AndroidManifest.xml:27:9-40
	android:name
		ADDED from src\main\AndroidManifest.xml:23:9-55
activity#com.cpm.pillsbury.LoginActivity
ADDED from src\main\AndroidManifest.xml:28:9-36:20
	android:screenOrientation
		ADDED from src\main\AndroidManifest.xml:31:13-49
	android:label
		ADDED from src\main\AndroidManifest.xml:30:13-45
	android:name
		ADDED from src\main\AndroidManifest.xml:29:13-59
intent-filter#android.intent.action.MAIN+android.intent.category.LAUNCHER
ADDED from src\main\AndroidManifest.xml:32:13-35:29
action#android.intent.action.MAIN
ADDED from src\main\AndroidManifest.xml:33:17-69
	android:name
		ADDED from src\main\AndroidManifest.xml:33:25-66
category#android.intent.category.LAUNCHER
ADDED from src\main\AndroidManifest.xml:34:17-77
	android:name
		ADDED from src\main\AndroidManifest.xml:34:27-74
activity#com.cpm.dailyEntry.ShowImage
ADDED from src\main\AndroidManifest.xml:37:9-42:55
	android:screenOrientation
		ADDED from src\main\AndroidManifest.xml:39:13-49
	android:windowSoftInputMode
		ADDED from src\main\AndroidManifest.xml:42:13-52
	android:configChanges
		ADDED from src\main\AndroidManifest.xml:41:13-74
	android:theme
		ADDED from src\main\AndroidManifest.xml:40:13-49
	android:name
		ADDED from src\main\AndroidManifest.xml:38:13-56
activity#com.cpm.dailyEntry.DailyEntryMenu
ADDED from src\main\AndroidManifest.xml:43:10-48:16
	android:screenOrientation
		ADDED from src\main\AndroidManifest.xml:45:13-49
	android:windowSoftInputMode
		ADDED from src\main\AndroidManifest.xml:47:14-53
	android:configChanges
		ADDED from src\main\AndroidManifest.xml:46:14-75
	android:name
		ADDED from src\main\AndroidManifest.xml:44:13-61
activity#com.cpm.dailyEntry.SalesOutlook
ADDED from src\main\AndroidManifest.xml:50:11-55:17
	android:screenOrientation
		ADDED from src\main\AndroidManifest.xml:52:13-49
	android:windowSoftInputMode
		ADDED from src\main\AndroidManifest.xml:54:15-54
	android:configChanges
		ADDED from src\main\AndroidManifest.xml:53:15-76
	android:name
		ADDED from src\main\AndroidManifest.xml:51:13-59
activity#com.cpm.dailyEntry.LunchTime
ADDED from src\main\AndroidManifest.xml:57:13-62:19
	android:screenOrientation
		ADDED from src\main\AndroidManifest.xml:59:13-49
	android:windowSoftInputMode
		ADDED from src\main\AndroidManifest.xml:61:17-56
	android:configChanges
		ADDED from src\main\AndroidManifest.xml:60:17-78
	android:name
		ADDED from src\main\AndroidManifest.xml:58:13-56
activity#com.cpm.dailyEntry.CompetitionFacing
ADDED from src\main\AndroidManifest.xml:64:15-69:13
	android:screenOrientation
		ADDED from src\main\AndroidManifest.xml:66:13-49
	android:windowSoftInputMode
		ADDED from src\main\AndroidManifest.xml:67:19-58
	android:configChanges
		ADDED from src\main\AndroidManifest.xml:68:14-75
	android:name
		ADDED from src\main\AndroidManifest.xml:65:13-64
activity#com.cpm.dailyEntry.PerformanceManagement
ADDED from src\main\AndroidManifest.xml:71:15-76:21
	android:screenOrientation
		ADDED from src\main\AndroidManifest.xml:73:13-49
	android:windowSoftInputMode
		ADDED from src\main\AndroidManifest.xml:75:19-58
	android:configChanges
		ADDED from src\main\AndroidManifest.xml:74:19-80
	android:name
		ADDED from src\main\AndroidManifest.xml:72:13-68
activity#com.cpm.dailyEntry.reports
ADDED from src\main\AndroidManifest.xml:78:11-83:17
	android:screenOrientation
		ADDED from src\main\AndroidManifest.xml:80:13-49
	android:windowSoftInputMode
		ADDED from src\main\AndroidManifest.xml:82:15-54
	android:configChanges
		ADDED from src\main\AndroidManifest.xml:81:15-76
	android:name
		ADDED from src\main\AndroidManifest.xml:79:13-54
activity#com.cpm.dailyEntry.updateTam
ADDED from src\main\AndroidManifest.xml:86:13-91:19
	android:screenOrientation
		ADDED from src\main\AndroidManifest.xml:88:13-49
	android:windowSoftInputMode
		ADDED from src\main\AndroidManifest.xml:90:17-56
	android:configChanges
		ADDED from src\main\AndroidManifest.xml:89:17-78
	android:name
		ADDED from src\main\AndroidManifest.xml:87:13-56
activity#com.cpm.dailyEntry.PerformanceStore
ADDED from src\main\AndroidManifest.xml:93:13-98:19
	android:screenOrientation
		ADDED from src\main\AndroidManifest.xml:95:13-49
	android:windowSoftInputMode
		ADDED from src\main\AndroidManifest.xml:97:17-56
	android:configChanges
		ADDED from src\main\AndroidManifest.xml:96:17-78
	android:name
		ADDED from src\main\AndroidManifest.xml:94:13-63
activity#com.cpm.dailyEntry.ConsolidatePerformance
ADDED from src\main\AndroidManifest.xml:102:9-107:15
	android:screenOrientation
		ADDED from src\main\AndroidManifest.xml:104:13-49
	android:windowSoftInputMode
		ADDED from src\main\AndroidManifest.xml:106:13-52
	android:configChanges
		ADDED from src\main\AndroidManifest.xml:105:13-74
	android:name
		ADDED from src\main\AndroidManifest.xml:103:13-69
activity#com.cpm.dailyEntry.CheckOutStoreActivity
ADDED from src\main\AndroidManifest.xml:109:10-114:52
	android:screenOrientation
		ADDED from src\main\AndroidManifest.xml:114:13-49
	android:label
		ADDED from src\main\AndroidManifest.xml:113:14-62
	android:windowSoftInputMode
		ADDED from src\main\AndroidManifest.xml:112:14-53
	android:configChanges
		ADDED from src\main\AndroidManifest.xml:111:14-75
	android:name
		ADDED from src\main\AndroidManifest.xml:110:13-68
activity#com.cpm.dailyEntry.Remarks
ADDED from src\main\AndroidManifest.xml:116:14-121:52
	android:screenOrientation
		ADDED from src\main\AndroidManifest.xml:121:13-49
	android:label
		ADDED from src\main\AndroidManifest.xml:120:18-66
	android:windowSoftInputMode
		ADDED from src\main\AndroidManifest.xml:119:18-57
	android:configChanges
		ADDED from src\main\AndroidManifest.xml:118:18-79
	android:name
		ADDED from src\main\AndroidManifest.xml:117:13-54
activity#com.cpm.dailyEntry.NonWorkingReason
ADDED from src\main\AndroidManifest.xml:122:9-126:52
	android:screenOrientation
		ADDED from src\main\AndroidManifest.xml:126:13-49
	android:windowSoftInputMode
		ADDED from src\main\AndroidManifest.xml:125:13-52
	android:configChanges
		ADDED from src\main\AndroidManifest.xml:124:13-74
	android:name
		ADDED from src\main\AndroidManifest.xml:123:13-63
activity#com.cpm.dailyEntry.Sales
ADDED from src\main\AndroidManifest.xml:128:9-131:52
	android:screenOrientation
		ADDED from src\main\AndroidManifest.xml:131:13-49
	android:configChanges
		ADDED from src\main\AndroidManifest.xml:130:14-75
	android:name
		ADDED from src\main\AndroidManifest.xml:129:13-52
activity#com.cpm.dailyEntry.Training
ADDED from src\main\AndroidManifest.xml:133:9-136:52
	android:screenOrientation
		ADDED from src\main\AndroidManifest.xml:136:13-49
	android:windowSoftInputMode
		ADDED from src\main\AndroidManifest.xml:135:16-55
	android:configChanges
		ADDED from src\main\AndroidManifest.xml:134:16-77
	android:name
		ADDED from src\main\AndroidManifest.xml:133:19-61
activity#com.cpm.dailyEntry.Competition
ADDED from src\main\AndroidManifest.xml:140:12-144:52
	android:screenOrientation
		ADDED from src\main\AndroidManifest.xml:144:13-49
	android:windowSoftInputMode
		ADDED from src\main\AndroidManifest.xml:142:16-55
	android:configChanges
		ADDED from src\main\AndroidManifest.xml:143:14-75
	android:name
		ADDED from src\main\AndroidManifest.xml:141:13-58
activity#com.cpm.dailyEntry.Posm
ADDED from src\main\AndroidManifest.xml:145:16-149:59
	android:screenOrientation
		ADDED from src\main\AndroidManifest.xml:149:20-56
	android:windowSoftInputMode
		ADDED from src\main\AndroidManifest.xml:148:20-59
	android:configChanges
		ADDED from src\main\AndroidManifest.xml:147:20-81
	android:name
		ADDED from src\main\AndroidManifest.xml:146:13-51
activity#com.cpm.dailyEntry.OpeningStockList
ADDED from src\main\AndroidManifest.xml:151:17-155:54
	android:screenOrientation
		ADDED from src\main\AndroidManifest.xml:154:13-49
	android:windowSoftInputMode
		ADDED from src\main\AndroidManifest.xml:155:13-52
	android:configChanges
		ADDED from src\main\AndroidManifest.xml:153:14-75
	android:name
		ADDED from src\main\AndroidManifest.xml:152:13-63
activity#com.cpm.dailyEntry.PromotionTracker
ADDED from src\main\AndroidManifest.xml:157:22-161:54
	android:screenOrientation
		ADDED from src\main\AndroidManifest.xml:160:13-49
	android:windowSoftInputMode
		ADDED from src\main\AndroidManifest.xml:161:13-52
	android:configChanges
		ADDED from src\main\AndroidManifest.xml:159:14-75
	android:name
		ADDED from src\main\AndroidManifest.xml:158:13-63
activity#com.cpm.dailyEntry.ClosingStock
ADDED from src\main\AndroidManifest.xml:163:19-167:54
	android:screenOrientation
		ADDED from src\main\AndroidManifest.xml:166:13-49
	android:windowSoftInputMode
		ADDED from src\main\AndroidManifest.xml:167:13-52
	android:configChanges
		ADDED from src\main\AndroidManifest.xml:165:14-75
	android:name
		ADDED from src\main\AndroidManifest.xml:164:13-59
activity#com.cpm.dailyEntry.StockRecieved
ADDED from src\main\AndroidManifest.xml:169:13-173:55
	android:screenOrientation
		ADDED from src\main\AndroidManifest.xml:172:13-49
	android:windowSoftInputMode
		ADDED from src\main\AndroidManifest.xml:173:13-52
	android:configChanges
		ADDED from src\main\AndroidManifest.xml:171:13-74
	android:name
		ADDED from src\main\AndroidManifest.xml:170:13-60
activity#com.cpm.dailyEntry.CallsTracker
ADDED from src\main\AndroidManifest.xml:175:15-179:55
	android:screenOrientation
		ADDED from src\main\AndroidManifest.xml:178:13-49
	android:windowSoftInputMode
		ADDED from src\main\AndroidManifest.xml:179:13-52
	android:configChanges
		ADDED from src\main\AndroidManifest.xml:177:13-74
	android:name
		ADDED from src\main\AndroidManifest.xml:176:13-59
activity#com.cpm.dailyEntry.AssetTracker
ADDED from src\main\AndroidManifest.xml:181:18-185:54
	android:screenOrientation
		ADDED from src\main\AndroidManifest.xml:184:13-49
	android:windowSoftInputMode
		ADDED from src\main\AndroidManifest.xml:185:13-52
	android:configChanges
		ADDED from src\main\AndroidManifest.xml:183:14-75
	android:name
		ADDED from src\main\AndroidManifest.xml:182:13-59
activity#com.cpm.geotagging.GeoTagging
ADDED from src\main\AndroidManifest.xml:189:13-192:52
	android:screenOrientation
		ADDED from src\main\AndroidManifest.xml:192:13-49
	android:configChanges
		ADDED from src\main\AndroidManifest.xml:191:14-75
	android:name
		ADDED from src\main\AndroidManifest.xml:190:13-57
activity#com.cpm.geotagging.LocationActivity
ADDED from src\main\AndroidManifest.xml:194:15-197:52
	android:screenOrientation
		ADDED from src\main\AndroidManifest.xml:197:13-49
	android:configChanges
		ADDED from src\main\AndroidManifest.xml:196:14-75
	android:name
		ADDED from src\main\AndroidManifest.xml:195:13-63
activity#com.cpm.dailyEntry.StoreVisitedActivity
ADDED from src\main\AndroidManifest.xml:199:9-201:52
	android:screenOrientation
		ADDED from src\main\AndroidManifest.xml:201:13-49
	android:name
		ADDED from src\main\AndroidManifest.xml:200:13-67
activity#com.cpm.pillsbury.MainMenuActivity
ADDED from src\main\AndroidManifest.xml:202:9-206:52
	android:screenOrientation
		ADDED from src\main\AndroidManifest.xml:206:13-49
	android:windowSoftInputMode
		ADDED from src\main\AndroidManifest.xml:205:13-52
	android:configChanges
		ADDED from src\main\AndroidManifest.xml:204:13-74
	android:name
		ADDED from src\main\AndroidManifest.xml:203:13-62
activity#com.cpm.dailyEntry.StorelistActivity
ADDED from src\main\AndroidManifest.xml:207:9-213:20
	android:screenOrientation
		ADDED from src\main\AndroidManifest.xml:212:13-49
	android:label
		ADDED from src\main\AndroidManifest.xml:210:13-61
	android:windowSoftInputMode
		ADDED from src\main\AndroidManifest.xml:211:13-52
	android:configChanges
		ADDED from src\main\AndroidManifest.xml:209:13-74
	android:name
		ADDED from src\main\AndroidManifest.xml:208:13-64
activity#com.cpm.dailyEntry.ShareofDisplay
ADDED from src\main\AndroidManifest.xml:214:9-220:20
	android:screenOrientation
		ADDED from src\main\AndroidManifest.xml:219:13-49
	android:label
		ADDED from src\main\AndroidManifest.xml:217:13-61
	android:windowSoftInputMode
		ADDED from src\main\AndroidManifest.xml:218:13-52
	android:configChanges
		ADDED from src\main\AndroidManifest.xml:216:13-74
	android:name
		ADDED from src\main\AndroidManifest.xml:215:13-61
activity#com.cpm.dailyEntry.DailyentryMenuActivity
ADDED from src\main\AndroidManifest.xml:221:9-225:52
	android:screenOrientation
		ADDED from src\main\AndroidManifest.xml:225:13-49
	android:configChanges
		ADDED from src\main\AndroidManifest.xml:224:13-74
	android:name
		ADDED from src\main\AndroidManifest.xml:223:13-69
activity#com.cpm.dailyEntry.ShareOfDisplayActivity
ADDED from src\main\AndroidManifest.xml:228:9-231:52
	android:screenOrientation
		ADDED from src\main\AndroidManifest.xml:231:13-49
	android:configChanges
		ADDED from src\main\AndroidManifest.xml:230:13-74
	android:name
		ADDED from src\main\AndroidManifest.xml:229:13-69
activity#com.cpm.download.CompleteDownloadActivity
ADDED from src\main\AndroidManifest.xml:232:9-236:52
	android:screenOrientation
		ADDED from src\main\AndroidManifest.xml:236:13-49
	android:windowSoftInputMode
		ADDED from src\main\AndroidManifest.xml:235:13-52
	android:configChanges
		ADDED from src\main\AndroidManifest.xml:234:13-74
	android:name
		ADDED from src\main\AndroidManifest.xml:233:13-69
activity#com.cpm.upload.UploadOptionActivity
ADDED from src\main\AndroidManifest.xml:237:9-241:52
	android:screenOrientation
		ADDED from src\main\AndroidManifest.xml:241:13-49
	android:windowSoftInputMode
		ADDED from src\main\AndroidManifest.xml:240:13-52
	android:configChanges
		ADDED from src\main\AndroidManifest.xml:239:13-74
	android:name
		ADDED from src\main\AndroidManifest.xml:238:13-63
activity#com.cpm.upload.CopyOfUploadDataActivity
ADDED from src\main\AndroidManifest.xml:243:10-247:52
	android:screenOrientation
		ADDED from src\main\AndroidManifest.xml:247:13-49
	android:windowSoftInputMode
		ADDED from src\main\AndroidManifest.xml:246:14-53
	android:configChanges
		ADDED from src\main\AndroidManifest.xml:245:13-74
	android:name
		ADDED from src\main\AndroidManifest.xml:244:13-67
activity#com.cpm.upload.UploadDataActivity
ADDED from src\main\AndroidManifest.xml:248:9-252:52
	android:screenOrientation
		ADDED from src\main\AndroidManifest.xml:252:13-49
	android:windowSoftInputMode
		ADDED from src\main\AndroidManifest.xml:251:13-52
	android:configChanges
		ADDED from src\main\AndroidManifest.xml:250:13-74
	android:name
		ADDED from src\main\AndroidManifest.xml:249:13-61
activity#com.cpm.upload.UploadImageActivity
ADDED from src\main\AndroidManifest.xml:253:9-257:52
	android:screenOrientation
		ADDED from src\main\AndroidManifest.xml:257:13-49
	android:windowSoftInputMode
		ADDED from src\main\AndroidManifest.xml:255:13-52
	android:configChanges
		ADDED from src\main\AndroidManifest.xml:256:13-74
	android:name
		ADDED from src\main\AndroidManifest.xml:254:13-62
activity#com.cpm.upload.UploadAllDataActivity
ADDED from src\main\AndroidManifest.xml:258:9-261:52
	android:screenOrientation
		ADDED from src\main\AndroidManifest.xml:261:13-49
	android:configChanges
		ADDED from src\main\AndroidManifest.xml:260:13-74
	android:name
		ADDED from src\main\AndroidManifest.xml:259:13-64
activity#com.cpm.upload.UploadAllImageActivity
ADDED from src\main\AndroidManifest.xml:262:9-265:52
	android:screenOrientation
		ADDED from src\main\AndroidManifest.xml:265:13-49
	android:configChanges
		ADDED from src\main\AndroidManifest.xml:264:13-74
	android:name
		ADDED from src\main\AndroidManifest.xml:263:13-65
activity#com.cpm.autoupdate.AutoupdateActivity
ADDED from src\main\AndroidManifest.xml:266:9-270:52
	android:screenOrientation
		ADDED from src\main\AndroidManifest.xml:270:13-49
	android:windowSoftInputMode
		ADDED from src\main\AndroidManifest.xml:269:13-52
	android:configChanges
		ADDED from src\main\AndroidManifest.xml:268:13-74
	android:name
		ADDED from src\main\AndroidManifest.xml:267:13-65
activity#com.cpm.web.ShowUpdateActivity
ADDED from src\main\AndroidManifest.xml:271:9-275:52
	android:screenOrientation
		ADDED from src\main\AndroidManifest.xml:275:13-49
	android:windowSoftInputMode
		ADDED from src\main\AndroidManifest.xml:274:13-52
	android:configChanges
		ADDED from src\main\AndroidManifest.xml:273:13-74
	android:name
		ADDED from src\main\AndroidManifest.xml:272:13-58
activity#com.cpm.dailyEntry.StoreimageActivity
ADDED from src\main\AndroidManifest.xml:277:10-281:52
	android:screenOrientation
		ADDED from src\main\AndroidManifest.xml:281:13-49
	android:windowSoftInputMode
		ADDED from src\main\AndroidManifest.xml:280:14-53
	android:configChanges
		ADDED from src\main\AndroidManifest.xml:279:13-74
	android:name
		ADDED from src\main\AndroidManifest.xml:278:13-65
activity#com.cpm.dailyEntry.AdditionalVisibility
ADDED from src\main\AndroidManifest.xml:285:10-289:52
	android:screenOrientation
		ADDED from src\main\AndroidManifest.xml:289:13-49
	android:windowSoftInputMode
		ADDED from src\main\AndroidManifest.xml:288:14-53
	android:configChanges
		ADDED from src\main\AndroidManifest.xml:287:13-74
	android:name
		ADDED from src\main\AndroidManifest.xml:286:13-67
activity#com.cpm.dailyEntry.ClosingScockListed
ADDED from src\main\AndroidManifest.xml:291:9-296:52
	android:screenOrientation
		ADDED from src\main\AndroidManifest.xml:296:13-49
	android:label
		ADDED from src\main\AndroidManifest.xml:295:13-37
	android:windowSoftInputMode
		ADDED from src\main\AndroidManifest.xml:294:13-52
	android:configChanges
		ADDED from src\main\AndroidManifest.xml:293:13-74
	android:name
		ADDED from src\main\AndroidManifest.xml:292:13-65
uses-library#com.google.android.maps
ADDED from src\main\AndroidManifest.xml:298:9-64
	android:name
		ADDED from src\main\AndroidManifest.xml:298:23-61
uses-feature#0x00020000
ADDED from [com.google.android.gms:play-services-maps:9.0.2] AndroidManifest.xml:22:5-24:33
	android:glEsVersion
		ADDED from [com.google.android.gms:play-services-maps:9.0.2] AndroidManifest.xml:23:8-40
	android:required
		ADDED from [com.google.android.gms:play-services-maps:9.0.2] AndroidManifest.xml:24:8-31
activity#com.google.android.gms.common.api.GoogleApiActivity
ADDED from [com.google.android.gms:play-services-base:9.0.2] AndroidManifest.xml:20:9-22:45
	android:exported
		ADDED from [com.google.android.gms:play-services-base:9.0.2] AndroidManifest.xml:22:19-43
	android:theme
		ADDED from [com.google.android.gms:play-services-base:9.0.2] AndroidManifest.xml:21:19-78
	android:name
		ADDED from [com.google.android.gms:play-services-base:9.0.2] AndroidManifest.xml:20:19-85
provider#com.google.firebase.provider.FirebaseInitProvider
ADDED from [com.google.firebase:firebase-common:9.0.2] AndroidManifest.xml:7:9-11:39
	android:authorities
		ADDED from [com.google.firebase:firebase-common:9.0.2] AndroidManifest.xml:8:13-72
	android:exported
		ADDED from [com.google.firebase:firebase-common:9.0.2] AndroidManifest.xml:10:13-37
	android:initOrder
		ADDED from [com.google.firebase:firebase-common:9.0.2] AndroidManifest.xml:11:13-36
	android:name
		ADDED from [com.google.firebase:firebase-common:9.0.2] AndroidManifest.xml:9:13-58
meta-data#com.google.android.gms.version
ADDED from [com.google.android.gms:play-services-basement:9.0.2] AndroidManifest.xml:21:9-23:69
	android:value
		ADDED from [com.google.android.gms:play-services-basement:9.0.2] AndroidManifest.xml:23:13-66
	android:name
		ADDED from [com.google.android.gms:play-services-basement:9.0.2] AndroidManifest.xml:22:13-58
meta-data#android.support.VERSION
ADDED from [com.android.support:cardview-v7:26.0.0-alpha1] AndroidManifest.xml:22:5-24:41
	android:value
		ADDED from [com.android.support:cardview-v7:26.0.0-alpha1] AndroidManifest.xml:24:9-38
	android:name
		ADDED from [com.android.support:cardview-v7:26.0.0-alpha1] AndroidManifest.xml:23:9-47